<core package="com.core.platform.schema" version="1" prefix="Test">
    <properties>
        <property name="heartbeatMessageName" value="heartbeat"/>
        <property name="applicationIdField" value="applicationId"/>
        <property name="applicationDefinitionMessageName" value="applicationDefinition"/>
        <property name="applicationDefinitionNameField" value="name"/>
    </properties>

    <enums>
        <enum name="Side" description="the side of the order">
            <value name="Buy" value="1" description="buy the instrument" />
            <value name="Sell" value="2" description="sell the instrument" />
        </enum>
    </enums>

    <header>
        <field name="ApplicationId" type="short" primary-key="true"/>
        <field name="ApplicationSequenceNumber" type="int"/>
        <field name="Timestamp" type="long" metadata="timestamp"/>
        <field name="OptionalFieldsIndex" type="short"/>
        <field name="SchemaVersion" type="byte"/>
        <field name="MessageType" type="byte"/>
    </header>

    <messages>
        <message id="-1" name="Heartbeat"/>

        <message id="-3" name="Currency" entity="cx">
            <field name="CurrencyId" type="int" primary-key="true"/>
            <optional id="1" name="Name" type="DirectBuffer" key="true"/>
        </message>

        <message id="-4" name="Spot" entity="spot" base-entity="instrument">
            <field name="InstrumentId" type="int" primary-key="true"/>
            <field name="BaseCurrencyId" type="int" key="true" foreign-key="cx"/>
            <field name="QuoteCurrencyId" type="int" key="true" foreign-key="cx"/>
        </message>

        <message id="-5" name="ApplicationDefinition" entity="application">
            <optional id="1" name="Name" type="DirectBuffer" key="true" description="the name of the application"/>
        </message>

        <message id="-6" name="Future" entity="future" base-entity="instrument">
            <field name="InstrumentId" type="int" primary-key="true"/>
            <field name="BaseCurrencyId" type="int" key="true" foreign-key="cx"/>
            <field name="QuoteCurrencyId" type="int" key="true" foreign-key="cx"/>
            <field name="ExpirationDate" type="int" key="true" metadata="datestamp"/>
            <field name="Multiplier" type="double"/>
            <optional name="VenueId" type="int" foreign-key="venue"/>
        </message>

        <message id="-7" name="VenueInstrument" entity="venueInstrument">
            <field name="InstrumentId" type="int" key="true" foreign-key="instrument"/>
            <field name="VenueId" type="int" key="true" foreign-key="venue"/>
            <field name="MinQty" type="long"/>
        </message>

        <message id="-8" name="Venue" entity="venue">
            <field name="VenueId" type="int" primary-key="true"/>
            <optional id="1" name="Name" type="DirectBuffer" key="true"/>
        </message>
    </messages>
</core>